  Main.cpp
H:\u\Nature\Main.cpp(12,24): warning C4305: 'initializing': truncation from 'double' to 'float'
H:\u\Nature\Main.cpp(13,23): warning C4305: 'initializing': truncation from 'double' to 'float'
H:\u\Nature\Main.cpp(14,24): warning C4305: 'initializing': truncation from 'double' to 'float'
H:\u\Nature\Main.cpp(104,46): warning C4244: 'argument': conversion from 'double' to 'GLfloat', possible loss of data
H:\u\Nature\Main.cpp(104,18): warning C4244: 'argument': conversion from 'double' to 'GLfloat', possible loss of data
H:\u\Nature\Main.cpp(294,29): warning C4305: 'argument': truncation from 'double' to 'GLfloat'
H:\u\Nature\Main.cpp(305,29): warning C4305: 'argument': truncation from 'double' to 'GLfloat'
H:\u\Nature\Main.cpp(316,29): warning C4305: 'argument': truncation from 'double' to 'GLfloat'
H:\u\Nature\Main.cpp(327,29): warning C4305: 'argument': truncation from 'double' to 'GLfloat'
H:\u\Nature\Main.cpp(387,17): warning C4244: 'argument': conversion from 'float' to 'GLint', possible loss of data
H:\u\Nature\Main.cpp(388,17): warning C4244: 'argument': conversion from 'float' to 'GLint', possible loss of data
H:\u\Nature\Main.cpp(480,20): warning C4305: 'initializing': truncation from 'double' to 'float'
H:\u\Nature\Main.cpp(497,20): warning C4305: 'initializing': truncation from 'double' to 'float'
H:\u\Nature\Main.cpp(583,20): warning C4305: 'initializing': truncation from 'double' to 'float'
H:\u\Nature\Main.cpp(600,20): warning C4305: 'initializing': truncation from 'double' to 'float'
H:\u\Nature\Main.cpp(689,20): warning C4305: 'initializing': truncation from 'double' to 'float'
H:\u\Nature\Main.cpp(706,20): warning C4305: 'initializing': truncation from 'double' to 'float'
H:\u\Nature\Main.cpp(793,20): warning C4305: 'initializing': truncation from 'double' to 'float'
H:\u\Nature\Main.cpp(810,20): warning C4305: 'initializing': truncation from 'double' to 'float'
H:\u\Nature\Main.cpp(830,31): warning C4305: 'argument': truncation from 'double' to 'GLfloat'
H:\u\Nature\Main.cpp(841,31): warning C4305: 'argument': truncation from 'double' to 'GLfloat'
H:\u\Nature\Main.cpp(844,20): warning C4305: 'initializing': truncation from 'double' to 'float'
H:\u\Nature\Main.cpp(857,31): warning C4305: 'argument': truncation from 'double' to 'GLfloat'
H:\u\Nature\Main.cpp(860,20): warning C4305: 'initializing': truncation from 'double' to 'float'
H:\u\Nature\Main.cpp(874,31): warning C4305: 'argument': truncation from 'double' to 'GLfloat'
H:\u\Nature\Main.cpp(877,20): warning C4305: 'initializing': truncation from 'double' to 'float'
H:\u\Nature\Main.cpp(914,45): warning C4244: 'argument': conversion from 'double' to 'GLfloat', possible loss of data
H:\u\Nature\Main.cpp(914,17): warning C4244: 'argument': conversion from 'double' to 'GLfloat', possible loss of data
H:\u\Nature\Main.cpp(932,20): warning C4305: 'initializing': truncation from 'double' to 'float'
H:\u\Nature\Main.cpp(950,20): warning C4305: 'initializing': truncation from 'double' to 'float'
H:\u\Nature\Main.cpp(968,20): warning C4305: 'initializing': truncation from 'double' to 'float'
H:\u\Nature\Main.cpp(986,20): warning C4305: 'initializing': truncation from 'double' to 'float'
H:\u\Nature\Main.cpp(1006,20): warning C4305: 'initializing': truncation from 'double' to 'float'
H:\u\Nature\Main.cpp(1024,20): warning C4305: 'initializing': truncation from 'double' to 'float'
H:\u\Nature\Main.cpp(1042,20): warning C4305: 'initializing': truncation from 'double' to 'float'
H:\u\Nature\Main.cpp(1060,20): warning C4305: 'initializing': truncation from 'double' to 'float'
H:\u\Nature\Main.cpp(1077,20): warning C4305: 'initializing': truncation from 'double' to 'float'
H:\u\Nature\Main.cpp(1094,20): warning C4305: 'initializing': truncation from 'double' to 'float'
H:\u\Nature\Main.cpp(1337,26): warning C4305: 'argument': truncation from 'double' to 'GLfloat'
H:\u\Nature\Main.cpp(1347,26): warning C4305: 'argument': truncation from 'double' to 'GLfloat'
H:\u\Nature\Main.cpp(1357,26): warning C4305: 'argument': truncation from 'double' to 'GLfloat'
H:\u\Nature\Main.cpp(1367,30): warning C4305: 'argument': truncation from 'double' to 'GLfloat'
H:\u\Nature\Main.cpp(1377,28): warning C4305: 'argument': truncation from 'double' to 'GLfloat'
H:\u\Nature\Main.cpp(1389,29): warning C4305: 'argument': truncation from 'double' to 'GLfloat'
H:\u\Nature\Main.cpp(1402,29): warning C4305: 'argument': truncation from 'double' to 'GLfloat'
H:\u\Nature\Main.cpp(1415,29): warning C4305: 'argument': truncation from 'double' to 'GLfloat'
H:\u\Nature\Main.cpp(1436,28): warning C4305: 'argument': truncation from 'double' to 'GLfloat'
H:\u\Nature\Main.cpp(1446,28): warning C4305: 'argument': truncation from 'double' to 'GLfloat'
H:\u\Nature\Main.cpp(1457,26): warning C4305: 'argument': truncation from 'double' to 'GLfloat'
H:\u\Nature\Main.cpp(1467,26): warning C4305: 'argument': truncation from 'double' to 'GLfloat'
H:\u\Nature\Main.cpp(1477,26): warning C4305: 'argument': truncation from 'double' to 'GLfloat'
H:\u\Nature\Main.cpp(1487,30): warning C4305: 'argument': truncation from 'double' to 'GLfloat'
H:\u\Nature\Main.cpp(1497,28): warning C4305: 'argument': truncation from 'double' to 'GLfloat'
H:\u\Nature\Main.cpp(1509,29): warning C4305: 'argument': truncation from 'double' to 'GLfloat'
H:\u\Nature\Main.cpp(1522,29): warning C4305: 'argument': truncation from 'double' to 'GLfloat'
H:\u\Nature\Main.cpp(1535,29): warning C4305: 'argument': truncation from 'double' to 'GLfloat'
H:\u\Nature\Main.cpp(1556,28): warning C4305: 'argument': truncation from 'double' to 'GLfloat'
H:\u\Nature\Main.cpp(1566,28): warning C4305: 'argument': truncation from 'double' to 'GLfloat'
H:\u\Nature\Main.cpp(1577,26): warning C4305: 'argument': truncation from 'double' to 'GLfloat'
H:\u\Nature\Main.cpp(1587,26): warning C4305: 'argument': truncation from 'double' to 'GLfloat'
H:\u\Nature\Main.cpp(1597,26): warning C4305: 'argument': truncation from 'double' to 'GLfloat'
H:\u\Nature\Main.cpp(1607,30): warning C4305: 'argument': truncation from 'double' to 'GLfloat'
H:\u\Nature\Main.cpp(1617,28): warning C4305: 'argument': truncation from 'double' to 'GLfloat'
H:\u\Nature\Main.cpp(1629,29): warning C4305: 'argument': truncation from 'double' to 'GLfloat'
H:\u\Nature\Main.cpp(1642,29): warning C4305: 'argument': truncation from 'double' to 'GLfloat'
H:\u\Nature\Main.cpp(1655,29): warning C4305: 'argument': truncation from 'double' to 'GLfloat'
H:\u\Nature\Main.cpp(1676,28): warning C4305: 'argument': truncation from 'double' to 'GLfloat'
H:\u\Nature\Main.cpp(1686,28): warning C4305: 'argument': truncation from 'double' to 'GLfloat'
H:\u\Nature\Main.cpp(1851,16): warning C4244: 'argument': conversion from 'float' to 'int', possible loss of data
H:\u\Nature\Main.cpp(1859,15): warning C4244: 'argument': conversion from 'float' to 'int', possible loss of data
H:\u\Nature\Main.cpp(1870,8): warning C4244: 'argument': conversion from 'float' to 'int', possible loss of data
  Nature.vcxproj -> H:\u\Nature\Debug\Nature.exe
